[0m

[ERRORS]
2025-10-26 19:59:18,027: INFO: running D:\2025Autumn\Scientific Research Training\Task3\imdb_sentiment_analysis_torch\imdb_bert_scratch.py

Map:   0%|          | 0/20000 [00:00<?, ? examples/s]
Map:   5%|â–Œ         | 1000/20000 [00:00<00:05, 3454.39 examples/s]
Map:  10%|â–ˆ         | 2000/20000 [00:00<00:03, 4567.71 examples/s]
Map:  15%|â–ˆâ–Œ        | 3000/20000 [00:00<00:03, 4897.39 examples/s]
Map:  20%|â–ˆâ–ˆ        | 4000/20000 [00:00<00:03, 5054.34 examples/s]
Map:  25%|â–ˆâ–ˆâ–Œ       | 5000/20000 [00:01<00:02, 5251.43 examples/s]
Map:  30%|â–ˆâ–ˆâ–ˆ       | 6000/20000 [00:01<00:02, 5287.66 examples/s]
Map:  35%|â–ˆâ–ˆâ–ˆâ–Œ      | 7000/20000 [00:01<00:02, 5238.15 examples/s]
Map:  40%|â–ˆâ–ˆâ–ˆâ–ˆ      | 8000/20000 [00:01<00:02, 5292.11 examples/s]
Map:  45%|â–ˆâ–ˆâ–ˆâ–ˆâ–Œ     | 9000/20000 [00:01<00:02, 5254.95 examples/s]
Map:  50%|â–ˆâ–ˆâ–ˆâ–ˆâ–ˆ     | 10000/20000 [00:01<00:01, 5198.46 examples/s]
Map:  55%|â–ˆâ–ˆâ–ˆâ–ˆâ–ˆâ–Œ    | 11000/20000 [00:02<00:01, 5122.37 examples/s]
Map:  60%|â–ˆâ–ˆâ–ˆâ–ˆâ–ˆâ–ˆ    | 12000/20000 [00:02<00:01, 5065.16 examples/s]
Map:  65%|â–ˆâ–ˆâ–ˆâ–ˆâ–ˆâ–ˆâ–Œ   | 13000/20000 [00:02<00:01, 5242.31 examples/s]
Map:  70%|â–ˆâ–ˆâ–ˆâ–ˆâ–ˆâ–ˆâ–ˆ   | 14000/20000 [00:02<00:01, 5193.54 examples/s]
Map:  75%|â–ˆâ–ˆâ–ˆâ–ˆâ–ˆâ–ˆâ–ˆâ–Œ  | 15000/20000 [00:02<00:00, 5322.63 examples/s]
Map:  80%|â–ˆâ–ˆâ–ˆâ–ˆâ–ˆâ–ˆâ–ˆâ–ˆ  | 16000/20000 [00:03<00:00, 5370.46 examples/s]
Map:  85%|â–ˆâ–ˆâ–ˆâ–ˆâ–ˆâ–ˆâ–ˆâ–ˆâ–Œ | 17000/20000 [00:03<00:00, 5326.90 examples/s]
Map:  90%|â–ˆâ–ˆâ–ˆâ–ˆâ–ˆâ–ˆâ–ˆâ–ˆâ–ˆ | 18000/20000 [00:03<00:00, 5110.54 examples/s]
Map:  95%|â–ˆâ–ˆâ–ˆâ–ˆâ–ˆâ–ˆâ–ˆâ–ˆâ–ˆâ–Œ| 19000/20000 [00:03<00:00, 5001.30 examples/s]
Map: 100%|â–ˆâ–ˆâ–ˆâ–ˆâ–ˆâ–ˆâ–ˆâ–ˆâ–ˆâ–ˆ| 20000/20000 [00:03<00:00, 4955.33 examples/s]
Map: 100%|â–ˆâ–ˆâ–ˆâ–ˆâ–ˆâ–ˆâ–ˆâ–ˆâ–ˆâ–ˆ| 20000/20000 [00:03<00:00, 5082.94 examples/s]

Map:   0%|          | 0/5000 [00:00<?, ? examples/s]
Map:  20%|â–ˆâ–ˆ        | 1000/5000 [00:00<00:01, 3419.88 examples/s]
Map:  40%|â–ˆâ–ˆâ–ˆâ–ˆ      | 2000/5000 [00:00<00:00, 4411.92 examples/s]
Map:  60%|â–ˆâ–ˆâ–ˆâ–ˆâ–ˆâ–ˆ    | 3000/5000 [00:00<00:00, 4712.46 examples/s]
Map:  80%|â–ˆâ–ˆâ–ˆâ–ˆâ–ˆâ–ˆâ–ˆâ–ˆ  | 4000/5000 [00:00<00:00, 4764.63 examples/s]
Map: 100%|â–ˆâ–ˆâ–ˆâ–ˆâ–ˆâ–ˆâ–ˆâ–ˆâ–ˆâ–ˆ| 5000/5000 [00:01<00:00, 4749.87 examples/s]
Map: 100%|â–ˆâ–ˆâ–ˆâ–ˆâ–ˆâ–ˆâ–ˆâ–ˆâ–ˆâ–ˆ| 5000/5000 [00:01<00:00, 4546.01 examples/s]

Map:   0%|          | 0/25000 [00:00<?, ? examples/s]
Map:   4%|â–         | 1000/25000 [00:00<00:04, 5385.88 examples/s]
Map:   8%|â–Š         | 2000/25000 [00:00<00:04, 5287.81 examples/s]
Map:  12%|â–ˆâ–        | 3000/25000 [00:00<00:04, 5267.36 examples/s]
Map:  16%|â–ˆâ–Œ        | 4000/25000 [00:00<00:04, 4582.04 examples/s]
Map:  20%|â–ˆâ–ˆ        | 5000/25000 [00:01<00:04, 4125.14 examples/s]
Map:  24%|â–ˆâ–ˆâ–       | 6000/25000 [00:01<00:04, 4178.37 examples/s]
Map:  28%|â–ˆâ–ˆâ–Š       | 7000/25000 [00:01<00:03, 4544.94 examples/s]
Map:  32%|â–ˆâ–ˆâ–ˆâ–      | 8000/25000 [00:01<00:03, 4526.40 examples/s]
Map:  36%|â–ˆâ–ˆâ–ˆâ–Œ      | 9000/25000 [00:01<00:03, 4644.25 examples/s]
Map:  40%|â–ˆâ–ˆâ–ˆâ–ˆ      | 10000/25000 [00:02<00:03, 4729.32 examples/s]
Map:  44%|â–ˆâ–ˆâ–ˆâ–ˆâ–     | 11000/25000 [00:02<00:03, 4654.00 examples/s]
Map:  48%|â–ˆâ–ˆâ–ˆâ–ˆâ–Š     | 12000/25000 [00:02<00:02, 4668.22 examples/s]
Map:  52%|â–ˆâ–ˆâ–ˆâ–ˆâ–ˆâ–    | 13000/25000 [00:02<00:02, 4783.26 examples/s]
Map:  56%|â–ˆâ–ˆâ–ˆâ–ˆâ–ˆâ–Œ    | 14000/25000 [00:03<00:02, 4673.49 examples/s]
Map:  60%|â–ˆâ–ˆâ–ˆâ–ˆâ–ˆâ–ˆ    | 15000/25000 [00:03<00:02, 4006.74 examples/s]
Map:  64%|â–ˆâ–ˆâ–ˆâ–ˆâ–ˆâ–ˆâ–   | 16000/25000 [00:03<00:02, 4311.61 examples/s]
Map:  68%|â–ˆâ–ˆâ–ˆâ–ˆâ–ˆâ–ˆâ–Š   | 17000/25000 [00:03<00:01, 4370.50 examples/s]
Map:  72%|â–ˆâ–ˆâ–ˆâ–ˆâ–ˆâ–ˆâ–ˆâ–  | 18000/25000 [00:03<00:01, 4476.23 examples/s]
Map:  76%|â–ˆâ–ˆâ–ˆâ–ˆâ–ˆâ–ˆâ–ˆâ–Œ  | 19000/25000 [00:04<00:01, 4696.72 examples/s]
Map:  80%|â–ˆâ–ˆâ–ˆâ–ˆâ–ˆâ–ˆâ–ˆâ–ˆ  | 20000/25000 [00:04<00:01, 4522.94 examples/s]
Map:  84%|â–ˆâ–ˆâ–ˆâ–ˆâ–ˆâ–ˆâ–ˆâ–ˆâ– | 21000/25000 [00:04<00:00, 4432.60 examples/s]
Map:  88%|â–ˆâ–ˆâ–ˆâ–ˆâ–ˆâ–ˆâ–ˆâ–ˆâ–Š | 22000/25000 [00:04<00:00, 4691.81 examples/s]
Map:  92%|â–ˆâ–ˆâ–ˆâ–ˆâ–ˆâ–ˆâ–ˆâ–ˆâ–ˆâ–| 23000/25000 [00:05<00:00, 4526.20 examples/s]
Map:  96%|â–ˆâ–ˆâ–ˆâ–ˆâ–ˆâ–ˆâ–ˆâ–ˆâ–ˆâ–Œ| 24000/25000 [00:05<00:00, 4555.79 examples/s]
Map: 100%|â–ˆâ–ˆâ–ˆâ–ˆâ–ˆâ–ˆâ–ˆâ–ˆâ–ˆâ–ˆ| 25000/25000 [00:05<00:00, 4088.02 examples/s]
Map: 100%|â–ˆâ–ˆâ–ˆâ–ˆâ–ˆâ–ˆâ–ˆâ–ˆâ–ˆâ–ˆ| 25000/25000 [00:05<00:00, 4468.90 examples/s]
Some weights of BertScratch were not initialized from the model checkpoint at bert-base-uncased and are newly initialized: ['classifier.bias', 'classifier.weight']
You should probably TRAIN this model on a down-stream task to be able to use it for predictions and inference.
Traceback (most recent call last):
  File "D:\2025Autumn\Scientific Research Training\Task3\imdb_sentiment_analysis_torch\imdb_bert_scratch.py", line 89, in <module>
    metric = datasets.load_metric("accuracy")
             ^^^^^^^^^^^^^^^^^^^^
AttributeError: module 'datasets' has no attribute 'load_metric'
