[0m

[ERRORS]
2025-10-26 22:46:48,267: INFO: running D:\2025Autumn\Scientific Research Training\Task3\imdb_sentiment_analysis_torch\imdb_bert_trainer.py

Map:   0%|          | 0/20000 [00:00<?, ? examples/s]
Map:   5%|â–Œ         | 1000/20000 [00:00<00:04, 4456.90 examples/s]
Map:  10%|â–ˆ         | 2000/20000 [00:00<00:03, 4744.62 examples/s]
Map:  15%|â–ˆâ–Œ        | 3000/20000 [00:00<00:03, 4463.96 examples/s]
Map:  20%|â–ˆâ–ˆ        | 4000/20000 [00:00<00:03, 4274.64 examples/s]
Map:  25%|â–ˆâ–ˆâ–Œ       | 5000/20000 [00:01<00:03, 4360.30 examples/s]
Map:  30%|â–ˆâ–ˆâ–ˆ       | 6000/20000 [00:01<00:03, 4315.66 examples/s]
Map:  35%|â–ˆâ–ˆâ–ˆâ–Œ      | 7000/20000 [00:01<00:03, 4216.56 examples/s]
Map:  40%|â–ˆâ–ˆâ–ˆâ–ˆ      | 8000/20000 [00:01<00:02, 4336.03 examples/s]
Map:  45%|â–ˆâ–ˆâ–ˆâ–ˆâ–Œ     | 9000/20000 [00:02<00:02, 4367.14 examples/s]
Map:  50%|â–ˆâ–ˆâ–ˆâ–ˆâ–ˆ     | 10000/20000 [00:02<00:02, 4284.89 examples/s]
Map:  55%|â–ˆâ–ˆâ–ˆâ–ˆâ–ˆâ–Œ    | 11000/20000 [00:02<00:02, 4045.03 examples/s]
Map:  60%|â–ˆâ–ˆâ–ˆâ–ˆâ–ˆâ–ˆ    | 12000/20000 [00:02<00:02, 3680.91 examples/s]
Map:  65%|â–ˆâ–ˆâ–ˆâ–ˆâ–ˆâ–ˆâ–Œ   | 13000/20000 [00:03<00:02, 3494.04 examples/s]
Map:  70%|â–ˆâ–ˆâ–ˆâ–ˆâ–ˆâ–ˆâ–ˆ   | 14000/20000 [00:03<00:01, 3687.59 examples/s]
Map:  75%|â–ˆâ–ˆâ–ˆâ–ˆâ–ˆâ–ˆâ–ˆâ–Œ  | 15000/20000 [00:03<00:01, 3996.32 examples/s]
Map:  80%|â–ˆâ–ˆâ–ˆâ–ˆâ–ˆâ–ˆâ–ˆâ–ˆ  | 16000/20000 [00:03<00:01, 3988.66 examples/s]
Map:  85%|â–ˆâ–ˆâ–ˆâ–ˆâ–ˆâ–ˆâ–ˆâ–ˆâ–Œ | 17000/20000 [00:04<00:00, 3947.48 examples/s]
Map:  90%|â–ˆâ–ˆâ–ˆâ–ˆâ–ˆâ–ˆâ–ˆâ–ˆâ–ˆ | 18000/20000 [00:04<00:00, 3719.43 examples/s]
Map:  95%|â–ˆâ–ˆâ–ˆâ–ˆâ–ˆâ–ˆâ–ˆâ–ˆâ–ˆâ–Œ| 19000/20000 [00:04<00:00, 3157.56 examples/s]
Map: 100%|â–ˆâ–ˆâ–ˆâ–ˆâ–ˆâ–ˆâ–ˆâ–ˆâ–ˆâ–ˆ| 20000/20000 [00:05<00:00, 3326.24 examples/s]
Map: 100%|â–ˆâ–ˆâ–ˆâ–ˆâ–ˆâ–ˆâ–ˆâ–ˆâ–ˆâ–ˆ| 20000/20000 [00:05<00:00, 3840.32 examples/s]

Map:   0%|          | 0/5000 [00:00<?, ? examples/s]
Map:  20%|â–ˆâ–ˆ        | 1000/5000 [00:00<00:00, 4279.06 examples/s]
Map:  40%|â–ˆâ–ˆâ–ˆâ–ˆ      | 2000/5000 [00:00<00:00, 4057.19 examples/s]
Map:  60%|â–ˆâ–ˆâ–ˆâ–ˆâ–ˆâ–ˆ    | 3000/5000 [00:00<00:00, 3719.56 examples/s]
Map:  80%|â–ˆâ–ˆâ–ˆâ–ˆâ–ˆâ–ˆâ–ˆâ–ˆ  | 4000/5000 [00:00<00:00, 4078.22 examples/s]
Map: 100%|â–ˆâ–ˆâ–ˆâ–ˆâ–ˆâ–ˆâ–ˆâ–ˆâ–ˆâ–ˆ| 5000/5000 [00:01<00:00, 4058.80 examples/s]
Map: 100%|â–ˆâ–ˆâ–ˆâ–ˆâ–ˆâ–ˆâ–ˆâ–ˆâ–ˆâ–ˆ| 5000/5000 [00:01<00:00, 3974.47 examples/s]

Map:   0%|          | 0/25000 [00:00<?, ? examples/s]
Map:   4%|â–         | 1000/25000 [00:00<00:06, 3737.17 examples/s]
Map:   8%|â–Š         | 2000/25000 [00:00<00:06, 3658.66 examples/s]
Map:  12%|â–ˆâ–        | 3000/25000 [00:00<00:05, 3687.26 examples/s]
Map:  16%|â–ˆâ–Œ        | 4000/25000 [00:01<00:05, 3784.62 examples/s]
Map:  20%|â–ˆâ–ˆ        | 5000/25000 [00:01<00:05, 3993.14 examples/s]
Map:  24%|â–ˆâ–ˆâ–       | 6000/25000 [00:01<00:04, 3853.77 examples/s]
Map:  28%|â–ˆâ–ˆâ–Š       | 7000/25000 [00:01<00:04, 3770.84 examples/s]
Map:  32%|â–ˆâ–ˆâ–ˆâ–      | 8000/25000 [00:02<00:04, 3496.83 examples/s]
Map:  36%|â–ˆâ–ˆâ–ˆâ–Œ      | 9000/25000 [00:02<00:04, 3440.22 examples/s]
Map:  40%|â–ˆâ–ˆâ–ˆâ–ˆ      | 10000/25000 [00:02<00:04, 3515.93 examples/s]
Map:  44%|â–ˆâ–ˆâ–ˆâ–ˆâ–     | 11000/25000 [00:03<00:03, 3631.86 examples/s]
Map:  48%|â–ˆâ–ˆâ–ˆâ–ˆâ–Š     | 12000/25000 [00:03<00:03, 3504.33 examples/s]
Map:  52%|â–ˆâ–ˆâ–ˆâ–ˆâ–ˆâ–    | 13000/25000 [00:03<00:03, 3633.93 examples/s]
Map:  56%|â–ˆâ–ˆâ–ˆâ–ˆâ–ˆâ–Œ    | 14000/25000 [00:03<00:03, 3642.76 examples/s]
Map:  60%|â–ˆâ–ˆâ–ˆâ–ˆâ–ˆâ–ˆ    | 15000/25000 [00:04<00:03, 3204.40 examples/s]
Map:  64%|â–ˆâ–ˆâ–ˆâ–ˆâ–ˆâ–ˆâ–   | 16000/25000 [00:04<00:02, 3433.62 examples/s]
Map:  68%|â–ˆâ–ˆâ–ˆâ–ˆâ–ˆâ–ˆâ–Š   | 17000/25000 [00:04<00:02, 3627.58 examples/s]
Map:  72%|â–ˆâ–ˆâ–ˆâ–ˆâ–ˆâ–ˆâ–ˆâ–  | 18000/25000 [00:05<00:01, 3518.34 examples/s]
Map:  76%|â–ˆâ–ˆâ–ˆâ–ˆâ–ˆâ–ˆâ–ˆâ–Œ  | 19000/25000 [00:05<00:01, 3575.17 examples/s]
Map:  80%|â–ˆâ–ˆâ–ˆâ–ˆâ–ˆâ–ˆâ–ˆâ–ˆ  | 20000/25000 [00:05<00:01, 3708.44 examples/s]
Map:  84%|â–ˆâ–ˆâ–ˆâ–ˆâ–ˆâ–ˆâ–ˆâ–ˆâ– | 21000/25000 [00:05<00:01, 3949.86 examples/s]
Map:  88%|â–ˆâ–ˆâ–ˆâ–ˆâ–ˆâ–ˆâ–ˆâ–ˆâ–Š | 22000/25000 [00:05<00:00, 4035.36 examples/s]
Map:  92%|â–ˆâ–ˆâ–ˆâ–ˆâ–ˆâ–ˆâ–ˆâ–ˆâ–ˆâ–| 23000/25000 [00:06<00:00, 4008.69 examples/s]
Map:  96%|â–ˆâ–ˆâ–ˆâ–ˆâ–ˆâ–ˆâ–ˆâ–ˆâ–ˆâ–Œ| 24000/25000 [00:06<00:00, 4011.83 examples/s]
Map: 100%|â–ˆâ–ˆâ–ˆâ–ˆâ–ˆâ–ˆâ–ˆâ–ˆâ–ˆâ–ˆ| 25000/25000 [00:06<00:00, 4122.76 examples/s]
Map: 100%|â–ˆâ–ˆâ–ˆâ–ˆâ–ˆâ–ˆâ–ˆâ–ˆâ–ˆâ–ˆ| 25000/25000 [00:06<00:00, 3715.47 examples/s]
Some weights of BertForSequenceClassification were not initialized from the model checkpoint at bert-base-uncased and are newly initialized: ['classifier.bias', 'classifier.weight']
You should probably TRAIN this model on a down-stream task to be able to use it for predictions and inference.
Traceback (most recent call last):
  File "D:\2025Autumn\Scientific Research Training\Task3\imdb_sentiment_analysis_torch\imdb_bert_trainer.py", line 58, in <module>
    training_args = TrainingArguments(
                    ^^^^^^^^^^^^^^^^^^
TypeError: TrainingArguments.__init__() got an unexpected keyword argument 'evaluation_strategy'
